Using pre-set license
Built from '2021.1/release' branch; Version is '2021.1.1f1 (6fdc41dfa55a) revision 7330881'; Using compiler version '192528614'; Build Type 'Release'
OS: 'Windows 10 Pro; OS build 19041.870; Version 2004; 64bit' Language: 'en' Physical Memory: 16341 MB
BatchMode: 1, IsHumanControllingUs: 0, StartBugReporterOnCrash: 0, Is64bit: 1, IsPro: 0

 COMMAND LINE ARGUMENTS:
C:\Program Files\Unity\Hub\Editor\2021.1.1f1\Editor\Unity.exe
-adb2
-batchMode
-noUpm
-name
AssetImportWorker0
-projectPath
E:/Users/RPM 03/Documents/Archive/Other/folder/Overtake
-logFile
Logs/AssetImportWorker0.log
-srvPort
58319
Successfully changed project path to: E:/Users/RPM 03/Documents/Archive/Other/folder/Overtake
E:/Users/RPM 03/Documents/Archive/Other/folder/Overtake
Using Asset Import Pipeline V2.
Refreshing native plugins compatible for Editor in 157.39 ms, found 4 plugins.
Preloading 0 native plugins for Editor in 0.00 ms.
Initialize engine version: 2021.1.1f1 (6fdc41dfa55a)
[Subsystems] Discovering subsystems at path C:/Program Files/Unity/Hub/Editor/2021.1.1f1/Editor/Data/Resources/UnitySubsystems
[Subsystems] Discovering subsystems at path E:/Users/RPM 03/Documents/Archive/Other/folder/Overtake/Assets
GfxDevice: creating device client; threaded=0; jobified=0
Direct3D:
    Version:  Direct3D 11.0 [level 11.0]
    Renderer: NVIDIA GeForce GT 610 (ID=0x104a)
    Vendor:   NVIDIA
    VRAM:     969 MB
    Driver:   23.21.13.9135
Initialize mono
Mono path[0] = 'C:/Program Files/Unity/Hub/Editor/2021.1.1f1/Editor/Data/Managed'
Mono path[1] = 'C:/Program Files/Unity/Hub/Editor/2021.1.1f1/Editor/Data/MonoBleedingEdge/lib/mono/unityjit'
Mono config path = 'C:/Program Files/Unity/Hub/Editor/2021.1.1f1/Editor/Data/MonoBleedingEdge/etc'
Using monoOptions --debugger-agent=transport=dt_socket,embedding=1,server=y,suspend=n,address=127.0.0.1:56472
Begin MonoManager ReloadAssembly
Registering precompiled unity dll's ...
Register platform support module: C:/Program Files/Unity/Hub/Editor/2021.1.1f1/Editor/Data/PlaybackEngines/WebGLSupport/UnityEditor.WebGL.Extensions.dll
Register platform support module: C:/Program Files/Unity/Hub/Editor/2021.1.1f1/Editor/Data/PlaybackEngines/WindowsStandaloneSupport/UnityEditor.WindowsStandalone.Extensions.dll
Registered in 0.005864 seconds.
Native extension for WindowsStandalone target not found
Native extension for WebGL target not found
Refreshing native plugins compatible for Editor in 168.05 ms, found 4 plugins.
Preloading 0 native plugins for Editor in 0.00 ms.
Mono: successfully reloaded assembly
- Completed reload, in  2.245 seconds
Platform modules already initialized, skipping
Registering precompiled user dll's ...
Registered in 0.011382 seconds.
Begin MonoManager ReloadAssembly
Symbol file LoadedFromMemory is not a mono symbol file
Symbol file LoadedFromMemory is not a mono symbol file
Symbol file LoadedFromMemory is not a mono symbol file
Symbol file LoadedFromMemory is not a mono symbol file
Native extension for WindowsStandalone target not found
Native extension for WebGL target not found
Refreshing native plugins compatible for Editor in 162.90 ms, found 4 plugins.
Preloading 0 native plugins for Editor in 0.00 ms.
Mono: successfully reloaded assembly
- Completed reload, in  1.895 seconds
Platform modules already initialized, skipping
========================================================================
Worker process is ready to serve import requests
Launched and connected shader compiler UnityShaderCompiler.exe after 0.07 seconds
Refreshing native plugins compatible for Editor in 1.08 ms, found 4 plugins.
Preloading 0 native plugins for Editor in 0.00 ms.
Unloading 3401 Unused Serialized files (Serialized files now loaded: 0)
System memory in use before: 131.1 MB.
System memory in use after: 131.2 MB.

Unloading 46 unused Assets to reduce memory usage. Loaded Objects now: 3879.
Total: 16.196900 ms (FindLiveObjects: 0.542600 ms CreateObjectMapping: 1.477700 ms MarkObjects: 13.775600 ms  DeleteObjects: 0.398100 ms)

========================================================================
Received Import Request.
  path: Assets/Scripts/PlayerMovement.cs
  artifactKey: Guid(1f4acb84a0b06a94ab0f9ec3201eddd7) Importer(815301076,1909f56bfc062723c751e8b465ee728b)
Start importing Assets/Scripts/PlayerMovement.cs using Guid(1f4acb84a0b06a94ab0f9ec3201eddd7) Importer(815301076,1909f56bfc062723c751e8b465ee728b)  -> (artifact id: '44754435ab5fde3bf862246703f66bc3') in 0.205279 seconds 
========================================================================
Received Import Request.
  Time since last request: 189.401017 seconds.
  path: Assets/Scripts/SceneLoader.cs
  artifactKey: Guid(150ff1f5bc81fb744a8c06398e3724a4) Importer(815301076,1909f56bfc062723c751e8b465ee728b)
Start importing Assets/Scripts/SceneLoader.cs using Guid(150ff1f5bc81fb744a8c06398e3724a4) Importer(815301076,1909f56bfc062723c751e8b465ee728b)  -> (artifact id: 'cef829dc4e1f9d48fc6d1313e633d009') in 0.013258 seconds 
========================================================================
Received Import Request.
  Time since last request: 81.417466 seconds.
  path: Assets/Scripts/CharacterController2D.cs
  artifactKey: Guid(2380b210f3285d74c937ce0bf8a93f64) Importer(815301076,1909f56bfc062723c751e8b465ee728b)
Start importing Assets/Scripts/CharacterController2D.cs using Guid(2380b210f3285d74c937ce0bf8a93f64) Importer(815301076,1909f56bfc062723c751e8b465ee728b)  -> (artifact id: '1030cc586a57c36ff380a99c5d53c40c') in 0.011276 seconds 
========================================================================
Received Import Request.
  Time since last request: 1926.614362 seconds.
  path: Assets/BayatGames/Free Platform Game Assets/Enemies/Enemies/png
  artifactKey: Guid(4f6d3d209fb968546bc13c89f1ba3e36) Importer(815301076,1909f56bfc062723c751e8b465ee728b)
Start importing Assets/BayatGames/Free Platform Game Assets/Enemies/Enemies/png using Guid(4f6d3d209fb968546bc13c89f1ba3e36) Importer(815301076,1909f56bfc062723c751e8b465ee728b)  -> (artifact id: '41f1a322262752637c378554dc32fa53') in 0.025057 seconds 
========================================================================
Received Import Request.
  Time since last request: 1.285610 seconds.
  path: Assets/BayatGames/Free Platform Game Assets/Enemies/Enemies/png/256x256
  artifactKey: Guid(1db6537a1e239d742a415e9ac91e3d2c) Importer(815301076,1909f56bfc062723c751e8b465ee728b)
Start importing Assets/BayatGames/Free Platform Game Assets/Enemies/Enemies/png/256x256 using Guid(1db6537a1e239d742a415e9ac91e3d2c) Importer(815301076,1909f56bfc062723c751e8b465ee728b)  -> (artifact id: '7fb036335bb9529fa6f95b21a09322e3') in 0.019006 seconds 
========================================================================
Received Import Request.
  Time since last request: 3.456263 seconds.
  path: Assets/BayatGames/Free Platform Game Assets/Enemies/Enemies/png/256x256/Eyelid 256.png
  artifactKey: Guid(83b690a3a84ed4a409fc005170af0c97) Importer(815301076,1909f56bfc062723c751e8b465ee728b)
Start importing Assets/BayatGames/Free Platform Game Assets/Enemies/Enemies/png/256x256/Eyelid 256.png using Guid(83b690a3a84ed4a409fc005170af0c97) Importer(815301076,1909f56bfc062723c751e8b465ee728b)  -> (artifact id: '4bf95f8fac255c73740b6d4008f4129e') in 0.284433 seconds 
========================================================================
Received Import Request.
  Time since last request: 1.565384 seconds.
  path: Assets/BayatGames/Free Platform Game Assets/Enemies/Enemies/png/256x256/Mac 256.png
  artifactKey: Guid(c7879d290f7325a418ae4d1f02aa1311) Importer(815301076,1909f56bfc062723c751e8b465ee728b)
Start importing Assets/BayatGames/Free Platform Game Assets/Enemies/Enemies/png/256x256/Mac 256.png using Guid(c7879d290f7325a418ae4d1f02aa1311) Importer(815301076,1909f56bfc062723c751e8b465ee728b)  -> (artifact id: '1de545e875c62a3793022eaf76163b08') in 0.042584 seconds 
========================================================================
Received Import Request.
  Time since last request: 0.793394 seconds.
  path: Assets/BayatGames/Free Platform Game Assets/Enemies/Enemies/png/256x256/Mace.png
  artifactKey: Guid(a38f2f3a00fc7e94f910aacead30a1f0) Importer(815301076,1909f56bfc062723c751e8b465ee728b)
Start importing Assets/BayatGames/Free Platform Game Assets/Enemies/Enemies/png/256x256/Mace.png using Guid(a38f2f3a00fc7e94f910aacead30a1f0) Importer(815301076,1909f56bfc062723c751e8b465ee728b)  -> (artifact id: '064ed73eca76e33ab403756b496d03c7') in 0.042637 seconds 
========================================================================
Received Import Request.
  Time since last request: 1.182067 seconds.
  path: Assets/BayatGames/Free Platform Game Assets/Enemies/Enemies/png/256x256/Pupil 256.png
  artifactKey: Guid(a2bdd2a9215d9574aaed3d1a1e2f7f69) Importer(815301076,1909f56bfc062723c751e8b465ee728b)
Start importing Assets/BayatGames/Free Platform Game Assets/Enemies/Enemies/png/256x256/Pupil 256.png using Guid(a2bdd2a9215d9574aaed3d1a1e2f7f69) Importer(815301076,1909f56bfc062723c751e8b465ee728b)  -> (artifact id: '0a4f0b1c2412f0ebd380b135c0155aca') in 0.047889 seconds 
========================================================================
Received Import Request.
  Time since last request: 0.546596 seconds.
  path: Assets/BayatGames/Free Platform Game Assets/Enemies/Enemies/png/256x256/Saw.png
  artifactKey: Guid(c7751e43ec9b50745985372bf2b0177b) Importer(815301076,1909f56bfc062723c751e8b465ee728b)
Start importing Assets/BayatGames/Free Platform Game Assets/Enemies/Enemies/png/256x256/Saw.png using Guid(c7751e43ec9b50745985372bf2b0177b) Importer(815301076,1909f56bfc062723c751e8b465ee728b)  -> (artifact id: '401a766f998531beb8bb70cebd7c524b') in 0.061852 seconds 
========================================================================
Received Import Request.
  Time since last request: 118.751381 seconds.
  path: Assets/BayatGames/Free Platform Game Assets/Preview/Preview 2.ai
  artifactKey: Guid(93efba2dead4b2e4cb3ccae0b4580f64) Importer(815301076,1909f56bfc062723c751e8b465ee728b)
Start importing Assets/BayatGames/Free Platform Game Assets/Preview/Preview 2.ai using Guid(93efba2dead4b2e4cb3ccae0b4580f64) Importer(815301076,1909f56bfc062723c751e8b465ee728b)  -> (artifact id: 'd7bdcb0e6783c16a859452c8453a6d6f') in 0.023353 seconds 
========================================================================
Received Import Request.
  Time since last request: 6.267656 seconds.
  path: Assets/BayatGames/Free Platform Game Assets/Environments/Environments
  artifactKey: Guid(1a0421d2536db9a4d8838311d6d1d285) Importer(815301076,1909f56bfc062723c751e8b465ee728b)
Start importing Assets/BayatGames/Free Platform Game Assets/Environments/Environments using Guid(1a0421d2536db9a4d8838311d6d1d285) Importer(815301076,1909f56bfc062723c751e8b465ee728b)  -> (artifact id: '17c1645f1a11c2c037043e99ac2a9ff6') in 0.019074 seconds 
========================================================================
Received Import Request.
  Time since last request: 8.751574 seconds.
  path: Assets/BayatGames/Free Platform Game Assets/Environments/Environments/png
  artifactKey: Guid(951ec2ce772bec1418f69a188033f447) Importer(815301076,1909f56bfc062723c751e8b465ee728b)
Start importing Assets/BayatGames/Free Platform Game Assets/Environments/Environments/png using Guid(951ec2ce772bec1418f69a188033f447) Importer(815301076,1909f56bfc062723c751e8b465ee728b)  -> (artifact id: '7f8a5bfc6f6b1b08142fac1d11fafe3d') in 0.011921 seconds 
========================================================================
Received Import Request.
  Time since last request: 0.592517 seconds.
  path: Assets/BayatGames/Free Platform Game Assets/Environments/Environments/png/1024x1024
  artifactKey: Guid(dcef3d69eda42494899c9d14e5041ccb) Importer(815301076,1909f56bfc062723c751e8b465ee728b)
Start importing Assets/BayatGames/Free Platform Game Assets/Environments/Environments/png/1024x1024 using Guid(dcef3d69eda42494899c9d14e5041ccb) Importer(815301076,1909f56bfc062723c751e8b465ee728b)  -> (artifact id: '0e8115def54268de199abf823da14903') in 0.014177 seconds 
========================================================================
Received Import Request.
  Time since last request: 1.032162 seconds.
  path: Assets/BayatGames/Free Platform Game Assets/Environments/Environments/png/1024x1024/Environment.png
  artifactKey: Guid(42fe589243a963347b493c5acde02c3f) Importer(815301076,1909f56bfc062723c751e8b465ee728b)
Start importing Assets/BayatGames/Free Platform Game Assets/Environments/Environments/png/1024x1024/Environment.png using Guid(42fe589243a963347b493c5acde02c3f) Importer(815301076,1909f56bfc062723c751e8b465ee728b)  -> (artifact id: 'd53e0b87cadea177335d12ff20a41bf2') in 0.044560 seconds 
========================================================================
Received Import Request.
  Time since last request: 74.479012 seconds.
  path: Assets/BayatGames/Free Platform Game Assets/Water Animation/2D view ( Update 1.9 )/128x128/3-1x.png
  artifactKey: Guid(a260582f938233d49a933e9a0a9b84bc) Importer(815301076,1909f56bfc062723c751e8b465ee728b)
Start importing Assets/BayatGames/Free Platform Game Assets/Water Animation/2D view ( Update 1.9 )/128x128/3-1x.png using Guid(a260582f938233d49a933e9a0a9b84bc) Importer(815301076,1909f56bfc062723c751e8b465ee728b)  -> (artifact id: '98e06dec965b6a5f1e23df33929fee11') in 0.051367 seconds 
========================================================================
Received Import Request.
  Time since last request: 14.342366 seconds.
  path: Packages/com.unity.2d.spriteshape/Editor/ObjectMenuCreation/DefaultAssets/Sprite Shapes/Closed Sprite Shape.prefab
  artifactKey: Guid(c0583b4e855c74b8c82e7b9b5efb5ce9) Importer(815301076,1909f56bfc062723c751e8b465ee728b)
Start importing Packages/com.unity.2d.spriteshape/Editor/ObjectMenuCreation/DefaultAssets/Sprite Shapes/Closed Sprite Shape.prefab using Guid(c0583b4e855c74b8c82e7b9b5efb5ce9) Importer(815301076,1909f56bfc062723c751e8b465ee728b)  -> (artifact id: 'dce7a991224d3fec04c4d582683f88f2') in 0.081541 seconds 
========================================================================
Received Import Request.
  Time since last request: 0.000246 seconds.
  path: Packages/com.unity.2d.spriteshape/Editor/ObjectMenuCreation/DefaultAssets/Sprite Shapes/Open Sprite Shape.prefab
  artifactKey: Guid(86ae7de409eb54f619fb1328e4d42480) Importer(815301076,1909f56bfc062723c751e8b465ee728b)
Start importing Packages/com.unity.2d.spriteshape/Editor/ObjectMenuCreation/DefaultAssets/Sprite Shapes/Open Sprite Shape.prefab using Guid(86ae7de409eb54f619fb1328e4d42480) Importer(815301076,1909f56bfc062723c751e8b465ee728b)  -> (artifact id: 'd4579df8fe09d95c677f9ec515552395') in 0.013985 seconds 
========================================================================
Received Import Request.
  Time since last request: 0.000290 seconds.
  path: Assets/Prefab/Coin.prefab
  artifactKey: Guid(692fe3526094a7d4086dba6138c533b8) Importer(815301076,1909f56bfc062723c751e8b465ee728b)
Start importing Assets/Prefab/Coin.prefab using Guid(692fe3526094a7d4086dba6138c533b8) Importer(815301076,1909f56bfc062723c751e8b465ee728b)  -> (artifact id: '5e2a9db7a017da1adc34f673b6d27320') in 0.062355 seconds 
========================================================================
Received Import Request.
  Time since last request: 0.000247 seconds.
  path: Assets/Prefab/Grass Palette.prefab
  artifactKey: Guid(f9482ff4925462840821de6e476c41fa) Importer(815301076,1909f56bfc062723c751e8b465ee728b)
Start importing Assets/Prefab/Grass Palette.prefab using Guid(f9482ff4925462840821de6e476c41fa) Importer(815301076,1909f56bfc062723c751e8b465ee728b)  -> (artifact id: 'faa967ea2c5440064a69c0e857ddbf48') in 0.019793 seconds 
========================================================================
Received Import Request.
  Time since last request: 581.604842 seconds.
  path: Assets/Scripts
  artifactKey: Guid(2dabc5523d404a6479dd6a8115f991b7) Importer(815301076,1909f56bfc062723c751e8b465ee728b)
Start importing Assets/Scripts using Guid(2dabc5523d404a6479dd6a8115f991b7) Importer(815301076,1909f56bfc062723c751e8b465ee728b)  -> (artifact id: 'a089dc7455854d7d2cae6cf2e120d4ea') in 0.017112 seconds 
========================================================================
Received Prepare
Registering precompiled user dll's ...
Registered in 0.016108 seconds.
Begin MonoManager ReloadAssembly
Symbol file LoadedFromMemory is not a mono symbol file
Symbol file LoadedFromMemory is not a mono symbol file
Symbol file LoadedFromMemory is not a mono symbol file
Symbol file LoadedFromMemory is not a mono symbol file
Native extension for WindowsStandalone target not found
Native extension for WebGL target not found
Refreshing native plugins compatible for Editor in 1.41 ms, found 4 plugins.
Preloading 0 native plugins for Editor in 0.00 ms.
Mono: successfully reloaded assembly
- Completed reload, in  2.091 seconds
Platform modules already initialized, skipping
Refreshing native plugins compatible for Editor in 1.17 ms, found 4 plugins.
Preloading 0 native plugins for Editor in 0.00 ms.
Unloading 3391 Unused Serialized files (Serialized files now loaded: 0)
System memory in use before: 138.5 MB.
System memory in use after: 138.6 MB.

Unloading 34 unused Assets to reduce memory usage. Loaded Objects now: 4002.
Total: 3.562600 ms (FindLiveObjects: 0.368700 ms CreateObjectMapping: 0.156200 ms MarkObjects: 2.876100 ms  DeleteObjects: 0.159400 ms)

========================================================================
Received Import Request.
  Time since last request: 39.088118 seconds.
  path: Assets/Scripts/CameraMovement.cs
  artifactKey: Guid(4a1d7b20a7987de4c98c44b9ec3620f1) Importer(815301076,1909f56bfc062723c751e8b465ee728b)
Start importing Assets/Scripts/CameraMovement.cs using Guid(4a1d7b20a7987de4c98c44b9ec3620f1) Importer(815301076,1909f56bfc062723c751e8b465ee728b)  -> (artifact id: '59a1ed9c2aad9d63e13c224cde82a602') in 0.019462 seconds 
========================================================================
Received Import Request.
  Time since last request: 15.793416 seconds.
  path: Assets/Scripts/CameraMovement.cs
  artifactKey: Guid(4a1d7b20a7987de4c98c44b9ec3620f1) Importer(815301076,1909f56bfc062723c751e8b465ee728b)
Start importing Assets/Scripts/CameraMovement.cs using Guid(4a1d7b20a7987de4c98c44b9ec3620f1) Importer(815301076,1909f56bfc062723c751e8b465ee728b)  -> (artifact id: '7adb2d015fa3cadf9db8777512401bc0') in 0.016540 seconds 
========================================================================
Received Prepare
Registering precompiled user dll's ...
Registered in 0.024973 seconds.
Begin MonoManager ReloadAssembly
Symbol file LoadedFromMemory is not a mono symbol file
Symbol file LoadedFromMemory is not a mono symbol file
Symbol file LoadedFromMemory is not a mono symbol file
Symbol file LoadedFromMemory is not a mono symbol file
Native extension for WindowsStandalone target not found
Native extension for WebGL target not found
Refreshing native plugins compatible for Editor in 2.27 ms, found 4 plugins.
Preloading 0 native plugins for Editor in 0.00 ms.
Mono: successfully reloaded assembly
- Completed reload, in  2.894 seconds
Platform modules already initialized, skipping
Refreshing native plugins compatible for Editor in 1.15 ms, found 4 plugins.
Preloading 0 native plugins for Editor in 0.00 ms.
Unloading 3384 Unused Serialized files (Serialized files now loaded: 0)
System memory in use before: 138.3 MB.
System memory in use after: 138.4 MB.

Unloading 34 unused Assets to reduce memory usage. Loaded Objects now: 4006.
Total: 3.083500 ms (FindLiveObjects: 0.322600 ms CreateObjectMapping: 0.150100 ms MarkObjects: 2.462700 ms  DeleteObjects: 0.146600 ms)

========================================================================
Received Import Request.
  Time since last request: 65.897913 seconds.
  path: Assets/Scripts/CameraMovement.cs
  artifactKey: Guid(4a1d7b20a7987de4c98c44b9ec3620f1) Importer(815301076,1909f56bfc062723c751e8b465ee728b)
Start importing Assets/Scripts/CameraMovement.cs using Guid(4a1d7b20a7987de4c98c44b9ec3620f1) Importer(815301076,1909f56bfc062723c751e8b465ee728b)  -> (artifact id: 'ef0078d1d63f81ef1924cd49d4c6bac2') in 0.018840 seconds 
========================================================================
Received Prepare
Registering precompiled user dll's ...
Registered in 0.015567 seconds.
Begin MonoManager ReloadAssembly
Symbol file LoadedFromMemory is not a mono symbol file
Symbol file LoadedFromMemory is not a mono symbol file
Symbol file LoadedFromMemory is not a mono symbol file
Symbol file LoadedFromMemory is not a mono symbol file
Native extension for WindowsStandalone target not found
Native extension for WebGL target not found
Refreshing native plugins compatible for Editor in 2.32 ms, found 4 plugins.
Preloading 0 native plugins for Editor in 0.00 ms.
Mono: successfully reloaded assembly
- Completed reload, in  1.750 seconds
Platform modules already initialized, skipping
Refreshing native plugins compatible for Editor in 1.21 ms, found 4 plugins.
Preloading 0 native plugins for Editor in 0.00 ms.
Unloading 3384 Unused Serialized files (Serialized files now loaded: 0)
System memory in use before: 138.3 MB.
System memory in use after: 138.4 MB.

Unloading 34 unused Assets to reduce memory usage. Loaded Objects now: 4010.
Total: 3.231500 ms (FindLiveObjects: 0.323500 ms CreateObjectMapping: 0.149900 ms MarkObjects: 2.604600 ms  DeleteObjects: 0.151800 ms)

========================================================================
Received Prepare
Registering precompiled user dll's ...
Registered in 0.014419 seconds.
Begin MonoManager ReloadAssembly
Symbol file LoadedFromMemory is not a mono symbol file
Symbol file LoadedFromMemory is not a mono symbol file
Symbol file LoadedFromMemory is not a mono symbol file
Symbol file LoadedFromMemory is not a mono symbol file
Native extension for WindowsStandalone target not found
Native extension for WebGL target not found
Refreshing native plugins compatible for Editor in 1.15 ms, found 4 plugins.
Preloading 0 native plugins for Editor in 0.00 ms.
Mono: successfully reloaded assembly
- Completed reload, in  1.725 seconds
Platform modules already initialized, skipping
Refreshing native plugins compatible for Editor in 1.19 ms, found 4 plugins.
Preloading 0 native plugins for Editor in 0.00 ms.
Unloading 3384 Unused Serialized files (Serialized files now loaded: 0)
System memory in use before: 138.4 MB.
System memory in use after: 138.5 MB.

Unloading 34 unused Assets to reduce memory usage. Loaded Objects now: 4014.
Total: 5.111900 ms (FindLiveObjects: 0.331600 ms CreateObjectMapping: 0.152700 ms MarkObjects: 4.474200 ms  DeleteObjects: 0.151400 ms)

========================================================================
Received Prepare
Registering precompiled user dll's ...
Registered in 0.012354 seconds.
Begin MonoManager ReloadAssembly
Symbol file LoadedFromMemory is not a mono symbol file
Symbol file LoadedFromMemory is not a mono symbol file
Symbol file LoadedFromMemory is not a mono symbol file
Symbol file LoadedFromMemory is not a mono symbol file
Native extension for WindowsStandalone target not found
Native extension for WebGL target not found
Refreshing native plugins compatible for Editor in 4.17 ms, found 4 plugins.
Preloading 0 native plugins for Editor in 0.00 ms.
Mono: successfully reloaded assembly
- Completed reload, in  1.746 seconds
Platform modules already initialized, skipping
Refreshing native plugins compatible for Editor in 1.16 ms, found 4 plugins.
Preloading 0 native plugins for Editor in 0.00 ms.
Unloading 3384 Unused Serialized files (Serialized files now loaded: 0)
System memory in use before: 138.4 MB.
System memory in use after: 138.5 MB.

Unloading 34 unused Assets to reduce memory usage. Loaded Objects now: 4018.
Total: 3.727400 ms (FindLiveObjects: 0.345700 ms CreateObjectMapping: 0.209300 ms MarkObjects: 3.024900 ms  DeleteObjects: 0.145500 ms)

========================================================================
Received Prepare
Registering precompiled user dll's ...
Registered in 0.016297 seconds.
Begin MonoManager ReloadAssembly
Symbol file LoadedFromMemory is not a mono symbol file
Symbol file LoadedFromMemory is not a mono symbol file
Symbol file LoadedFromMemory is not a mono symbol file
Symbol file LoadedFromMemory is not a mono symbol file
Native extension for WindowsStandalone target not found
Native extension for WebGL target not found
Refreshing native plugins compatible for Editor in 1.44 ms, found 4 plugins.
Preloading 0 native plugins for Editor in 0.00 ms.
Mono: successfully reloaded assembly
- Completed reload, in  4.318 seconds
Platform modules already initialized, skipping
Refreshing native plugins compatible for Editor in 1.20 ms, found 4 plugins.
Preloading 0 native plugins for Editor in 0.00 ms.
Unloading 3384 Unused Serialized files (Serialized files now loaded: 0)
System memory in use before: 138.4 MB.
System memory in use after: 138.5 MB.

Unloading 34 unused Assets to reduce memory usage. Loaded Objects now: 4022.
Total: 5.193900 ms (FindLiveObjects: 0.556000 ms CreateObjectMapping: 0.295300 ms MarkObjects: 4.031800 ms  DeleteObjects: 0.308500 ms)

AssetImportWorkerClient::OnTransportError - code=2 error=End of file
